"2018-08-14 21:51:29 [main] INFO  c.e.httptest.HttptestApplication - Starting HttptestApplication on HOME-PC with PID 4132 (D:\httptest\target\classes started by Pavel Vasianovych in D:\httptest)
""2018-08-14 21:51:29 [main] DEBUG c.e.httptest.HttptestApplication - Running with Spring Boot v2.0.4.RELEASE, Spring v5.0.8.RELEASE
""2018-08-14 21:51:29 [main] INFO  c.e.httptest.HttptestApplication - No active profile set, falling back to default profiles: default
""2018-08-14 21:51:29 [main] INFO  o.s.b.w.s.c.AnnotationConfigServletWebServerApplicationContext - Refreshing org.springframework.boot.web.servlet.context.AnnotationConfigServletWebServerApplicationContext@1e802ef9: startup date [Tue Aug 14 21:51:29 EEST 2018]; root of context hierarchy
""2018-08-14 21:51:31 [main] INFO  o.s.b.w.e.tomcat.TomcatWebServer - Tomcat initialized with port(s): 8080 (http)
""2018-08-14 21:51:31 [main] INFO  o.a.catalina.core.StandardService - Starting service [Tomcat]
""2018-08-14 21:51:31 [main] INFO  o.a.catalina.core.StandardEngine - Starting Servlet Engine: Apache Tomcat/8.5.32
""2018-08-14 21:51:31 [localhost-startStop-1] INFO  o.a.c.core.AprLifecycleListener - The APR based Apache Tomcat Native library which allows optimal performance in production environments was not found on the java.library.path: [C:\Program Files\JavaSE\jdk1.8.0_121\bin;C:\WINDOWS\Sun\Java\bin;C:\WINDOWS\system32;C:\WINDOWS;C:\Program Files\Docker\Docker\Resources\bin;C:\Program Files\JavaSE\jdk1.8.0_121\bin\;C:\Program Files\JavaSE\jdk1.8.0_121\lib\;C:\Program Files\JavaSE\jdk1.8.0_121\lib\tools.jar;C:\Program Files (x86)\Common Files\Intel\Shared Libraries\redist\intel64\compiler;C:\WINDOWS\system32;C:\WINDOWS;C:\WINDOWS\System32\Wbem;C:\WINDOWS\System32\WindowsPowerShell\v1.0\;C:\Program Files (x86)\ATI Technologies\ATI.ACE\Core-Static;C:\Program Files (x86)\QuickTime\QTSystem\;C:\Program Files (x86)\Windows Live\Shared;C:\Program Files\Common Files\Autodesk Shared\;C:\Program Files (x86)\Autodesk\Backburner\;C:\Program Files (x86)\Calibre2\;C:\Program Files (x86)\Skype\Phone\;c:\Program Files\apache-maven-3.5.0\bin;C:\Program Files\JavaSE\jdk1.8.0_121\apache-ant-1.10.1;C:\Program Files\Git\cmd;C:\Program Files\nodejs\;C:\Program Files (x86)\Yarn\bin;C:\WINDOWS\System32\OpenSSH\;C:\Users\Pavel Vasianovych\AppData\Local\Microsoft\WindowsApps;C:\Users\Pavel Vasianovych\AppData\Local\GitHubDesktop\bin;C:\Users\Pavel Vasianovych\AppData\Roaming\npm;C:\Users\Pavel Vasianovych\AppData\Local\Yarn\bin;%USERPROFILE%\AppData\Local\Microsoft\WindowsApps;;.]
""2018-08-14 21:51:31 [localhost-startStop-1] INFO  o.a.c.c.C.[Tomcat].[localhost].[/] - Initializing Spring embedded WebApplicationContext
""2018-08-14 21:51:31 [localhost-startStop-1] INFO  o.s.b.w.s.ServletRegistrationBean - Servlet dispatcherServlet mapped to [/]
""2018-08-14 21:51:31 [localhost-startStop-1] INFO  o.s.b.w.s.FilterRegistrationBean - Mapping filter: 'characterEncodingFilter' to: [/*]
""2018-08-14 21:51:31 [localhost-startStop-1] INFO  o.s.b.w.s.FilterRegistrationBean - Mapping filter: 'hiddenHttpMethodFilter' to: [/*]
""2018-08-14 21:51:31 [localhost-startStop-1] INFO  o.s.b.w.s.FilterRegistrationBean - Mapping filter: 'httpPutFormContentFilter' to: [/*]
""2018-08-14 21:51:31 [localhost-startStop-1] INFO  o.s.b.w.s.FilterRegistrationBean - Mapping filter: 'requestContextFilter' to: [/*]
""2018-08-14 21:51:32 [main] INFO  o.s.j.e.a.AnnotationMBeanExporter - Registering beans for JMX exposure on startup
""2018-08-14 21:51:32 [main] INFO  o.s.b.w.e.tomcat.TomcatWebServer - Tomcat started on port(s): 8080 (http) with context path ''
""2018-08-14 21:51:32 [main] INFO  c.e.httptest.HttptestApplication - Started HttptestApplication in 3.602 seconds (JVM running for 5.126)
""2018-08-14 21:51:40 [http-nio-8080-exec-1] INFO  o.a.c.c.C.[Tomcat].[localhost].[/] - Initializing Spring FrameworkServlet 'dispatcherServlet'
""2018-08-14 21:51:40 [http-nio-8080-exec-1] DEBUG c.e.httptest.Controller.Controller - ---------START-----------
""2018-08-14 21:51:40 [http-nio-8080-exec-1] INFO  c.e.httptest.Controller.Controller -  4files detected in request
""2018-08-14 21:51:40 [http-nio-8080-exec-1] INFO  c.e.httptest.Controller.Controller -  4files detected in request
""2018-08-14 21:51:40 [http-nio-8080-exec-1] INFO  c.e.httptest.Controller.Controller -  4files detected in request
""2018-08-14 21:51:40 [http-nio-8080-exec-1] INFO  c.e.httptest.Controller.Controller -  4files detected in request
""2018-08-14 21:51:40 [http-nio-8080-exec-1] INFO  c.e.httptest.Controller.Controller - download from resource:
""2018-08-14 21:51:40 [http-nio-8080-exec-1] DEBUG c.e.httptest.Controller.Controller - 0file is sending
""2018-08-14 21:51:40 [http-nio-8080-exec-1] DEBUG c.e.httptest.Controller.Controller - 1file is sending
""2018-08-14 21:51:41 [http-nio-8080-exec-1] DEBUG c.e.httptest.Controller.Controller - 2file is sending
""2018-08-14 21:51:41 [http-nio-8080-exec-1] DEBUG c.e.httptest.Controller.Controller - 3file is sending
""2018-08-14 21:51:41 [http-nio-8080-exec-1] DEBUG c.e.httptest.Controller.Controller - disconnected
"